<?xml version="1.0" encoding="UTF-8"?>
<!-- Generated by org.testng.reporters.JUnitReportReporter -->
<testsuite hostname="DESKTOP-M5R2RTN" failures="0" tests="1" name="com.Adactin.TestNGAdactin" time="21.551" errors="0" timestamp="2023-09-24T13:07:02 PDT" skipped="0">
  <testcase classname="com.Adactin.TestNGAdactin" name="methodA" time="21.551"/>
</testsuite> <!-- com.Adactin.TestNGAdactin -->
